<?xml version="1.0" encoding="UTF-8"?>
<!-- Generated by org.testng.reporters.JUnitXMLReporter -->
<testsuite ignored="0" hostname="Sathish" failures="1" tests="2" name="Test" time="20.882" errors="0" timestamp="2025-07-05T18:23:50 IST">
  <testcase classname="testCases.TC001_AccountRegistrationTest" name="second_account_registration" time="3.066"/>
  <testcase classname="testCases.TC001_AccountRegistrationTest" name="test_account_registration" time="10.318">
    <failure type="java.lang.AssertionError" message="null">
      <![CDATA[java.lang.AssertionError: null
at testCases.TC001_AccountRegistrationTest.test_account_registration(TC001_AccountRegistrationTest.java:61)
at java.base/java.util.ArrayList.forEach(ArrayList.java:1597)
... Removed 27 stack frames]]>
    </failure>
  </testcase> <!-- test_account_registration -->
</testsuite> <!-- Test -->
